H:\Nazar1988\Nazar1988\wwwroot\lib\summernote\built\base\core\env.js
H:\Nazar1988\Nazar1988\wwwroot\lib\summernote\built\base\core\env.js.map
H:\Nazar1988\Nazar1988\wwwroot\lib\summernote\built\base\core\func.js
H:\Nazar1988\Nazar1988\wwwroot\lib\summernote\built\base\core\func.js.map
H:\Nazar1988\Nazar1988\wwwroot\lib\summernote\built\base\core\lists.js
H:\Nazar1988\Nazar1988\wwwroot\lib\summernote\built\base\core\lists.js.map
H:\Nazar1988\Nazar1988\wwwroot\lib\summernote\built\base\core\dom.js
H:\Nazar1988\Nazar1988\wwwroot\lib\summernote\built\base\core\dom.js.map
H:\Nazar1988\Nazar1988\wwwroot\lib\summernote\built\base\Context.js
H:\Nazar1988\Nazar1988\wwwroot\lib\summernote\built\base\Context.js.map
H:\Nazar1988\Nazar1988\wwwroot\lib\summernote\built\summernote.js
H:\Nazar1988\Nazar1988\wwwroot\lib\summernote\built\summernote.js.map
H:\Nazar1988\Nazar1988\wwwroot\lib\summernote\built\base\renderer.js
H:\Nazar1988\Nazar1988\wwwroot\lib\summernote\built\base\renderer.js.map
H:\Nazar1988\Nazar1988\wwwroot\lib\summernote\built\base\summernote-en-US.js
H:\Nazar1988\Nazar1988\wwwroot\lib\summernote\built\base\summernote-en-US.js.map
H:\Nazar1988\Nazar1988\wwwroot\lib\summernote\built\base\core\async.js
H:\Nazar1988\Nazar1988\wwwroot\lib\summernote\built\base\core\async.js.map
H:\Nazar1988\Nazar1988\wwwroot\lib\summernote\built\base\core\key.js
H:\Nazar1988\Nazar1988\wwwroot\lib\summernote\built\base\core\key.js.map
H:\Nazar1988\Nazar1988\wwwroot\lib\summernote\built\base\core\range.js
H:\Nazar1988\Nazar1988\wwwroot\lib\summernote\built\base\core\range.js.map
H:\Nazar1988\Nazar1988\wwwroot\lib\summernote\built\base\editing\Bullet.js
H:\Nazar1988\Nazar1988\wwwroot\lib\summernote\built\base\editing\Bullet.js.map
H:\Nazar1988\Nazar1988\wwwroot\lib\summernote\built\base\editing\History.js
H:\Nazar1988\Nazar1988\wwwroot\lib\summernote\built\base\editing\History.js.map
H:\Nazar1988\Nazar1988\wwwroot\lib\summernote\built\base\editing\Style.js
H:\Nazar1988\Nazar1988\wwwroot\lib\summernote\built\base\editing\Style.js.map
H:\Nazar1988\Nazar1988\wwwroot\lib\summernote\built\base\editing\Table.js
H:\Nazar1988\Nazar1988\wwwroot\lib\summernote\built\base\editing\Table.js.map
H:\Nazar1988\Nazar1988\wwwroot\lib\summernote\built\base\editing\Typing.js
H:\Nazar1988\Nazar1988\wwwroot\lib\summernote\built\base\editing\Typing.js.map
H:\Nazar1988\Nazar1988\wwwroot\lib\summernote\built\base\module\AirPopover.js
H:\Nazar1988\Nazar1988\wwwroot\lib\summernote\built\base\module\AirPopover.js.map
H:\Nazar1988\Nazar1988\wwwroot\lib\summernote\built\base\module\AutoLink.js
H:\Nazar1988\Nazar1988\wwwroot\lib\summernote\built\base\module\AutoLink.js.map
H:\Nazar1988\Nazar1988\wwwroot\lib\summernote\built\base\module\AutoSync.js
H:\Nazar1988\Nazar1988\wwwroot\lib\summernote\built\base\module\AutoSync.js.map
H:\Nazar1988\Nazar1988\wwwroot\lib\summernote\built\base\module\Buttons.js
H:\Nazar1988\Nazar1988\wwwroot\lib\summernote\built\base\module\Buttons.js.map
H:\Nazar1988\Nazar1988\wwwroot\lib\summernote\built\base\module\Clipboard.js
H:\Nazar1988\Nazar1988\wwwroot\lib\summernote\built\base\module\Clipboard.js.map
H:\Nazar1988\Nazar1988\wwwroot\lib\summernote\built\base\module\Codeview.js
H:\Nazar1988\Nazar1988\wwwroot\lib\summernote\built\base\module\Codeview.js.map
H:\Nazar1988\Nazar1988\wwwroot\lib\summernote\built\base\module\Dropzone.js
H:\Nazar1988\Nazar1988\wwwroot\lib\summernote\built\base\module\Dropzone.js.map
H:\Nazar1988\Nazar1988\wwwroot\lib\summernote\built\base\module\Editor.js
H:\Nazar1988\Nazar1988\wwwroot\lib\summernote\built\base\module\Editor.js.map
H:\Nazar1988\Nazar1988\wwwroot\lib\summernote\built\base\module\Fullscreen.js
H:\Nazar1988\Nazar1988\wwwroot\lib\summernote\built\base\module\Fullscreen.js.map
H:\Nazar1988\Nazar1988\wwwroot\lib\summernote\built\base\module\Handle.js
H:\Nazar1988\Nazar1988\wwwroot\lib\summernote\built\base\module\Handle.js.map
H:\Nazar1988\Nazar1988\wwwroot\lib\summernote\built\base\module\HelpDialog.js
H:\Nazar1988\Nazar1988\wwwroot\lib\summernote\built\base\module\HelpDialog.js.map
H:\Nazar1988\Nazar1988\wwwroot\lib\summernote\built\base\module\HintPopover.js
H:\Nazar1988\Nazar1988\wwwroot\lib\summernote\built\base\module\HintPopover.js.map
H:\Nazar1988\Nazar1988\wwwroot\lib\summernote\built\base\module\ImageDialog.js
H:\Nazar1988\Nazar1988\wwwroot\lib\summernote\built\base\module\ImageDialog.js.map
H:\Nazar1988\Nazar1988\wwwroot\lib\summernote\built\base\module\ImagePopover.js
H:\Nazar1988\Nazar1988\wwwroot\lib\summernote\built\base\module\ImagePopover.js.map
H:\Nazar1988\Nazar1988\wwwroot\lib\summernote\built\base\module\LinkDialog.js
H:\Nazar1988\Nazar1988\wwwroot\lib\summernote\built\base\module\LinkDialog.js.map
H:\Nazar1988\Nazar1988\wwwroot\lib\summernote\built\base\module\LinkPopover.js
H:\Nazar1988\Nazar1988\wwwroot\lib\summernote\built\base\module\LinkPopover.js.map
H:\Nazar1988\Nazar1988\wwwroot\lib\summernote\built\base\module\Placeholder.js
H:\Nazar1988\Nazar1988\wwwroot\lib\summernote\built\base\module\Placeholder.js.map
H:\Nazar1988\Nazar1988\wwwroot\lib\summernote\built\base\module\Statusbar.js
H:\Nazar1988\Nazar1988\wwwroot\lib\summernote\built\base\module\Statusbar.js.map
H:\Nazar1988\Nazar1988\wwwroot\lib\summernote\built\base\module\TablePopover.js
H:\Nazar1988\Nazar1988\wwwroot\lib\summernote\built\base\module\TablePopover.js.map
H:\Nazar1988\Nazar1988\wwwroot\lib\summernote\built\base\module\Toolbar.js
H:\Nazar1988\Nazar1988\wwwroot\lib\summernote\built\base\module\Toolbar.js.map
H:\Nazar1988\Nazar1988\wwwroot\lib\summernote\built\base\module\VideoDialog.js
H:\Nazar1988\Nazar1988\wwwroot\lib\summernote\built\base\module\VideoDialog.js.map
H:\Nazar1988\Nazar1988\wwwroot\lib\summernote\built\bs3\ui.js
H:\Nazar1988\Nazar1988\wwwroot\lib\summernote\built\bs3\ui.js.map
H:\Nazar1988\Nazar1988\wwwroot\lib\summernote\built\bs3\settings.js
H:\Nazar1988\Nazar1988\wwwroot\lib\summernote\built\bs3\settings.js.map
H:\Nazar1988\Nazar1988\wwwroot\lib\summernote\built\bs4\ui.js
H:\Nazar1988\Nazar1988\wwwroot\lib\summernote\built\bs4\ui.js.map
H:\Nazar1988\Nazar1988\wwwroot\lib\summernote\built\bs4\settings.js
H:\Nazar1988\Nazar1988\wwwroot\lib\summernote\built\bs4\settings.js.map
H:\Nazar1988\Nazar1988\wwwroot\lib\summernote\built\lite\ui\TooltipUI.js
H:\Nazar1988\Nazar1988\wwwroot\lib\summernote\built\lite\ui\TooltipUI.js.map
H:\Nazar1988\Nazar1988\wwwroot\lib\summernote\built\lite\ui\DropdownUI.js
H:\Nazar1988\Nazar1988\wwwroot\lib\summernote\built\lite\ui\DropdownUI.js.map
H:\Nazar1988\Nazar1988\wwwroot\lib\summernote\built\lite\ui\ModalUI.js
H:\Nazar1988\Nazar1988\wwwroot\lib\summernote\built\lite\ui\ModalUI.js.map
H:\Nazar1988\Nazar1988\wwwroot\lib\summernote\built\lite\ui.js
H:\Nazar1988\Nazar1988\wwwroot\lib\summernote\built\lite\ui.js.map
H:\Nazar1988\Nazar1988\wwwroot\lib\summernote\built\lite\settings.js
H:\Nazar1988\Nazar1988\wwwroot\lib\summernote\built\lite\settings.js.map
H:\Nazar1988\Nazar1988\wwwroot\lib\summernote\built\lite\ui\PopoverUI.js
H:\Nazar1988\Nazar1988\wwwroot\lib\summernote\built\lite\ui\PopoverUI.js.map
